<?xml version="1.0"?>
<!DOCTYPE book PUBLIC "-//OASIS//DTD DocBook XML V4.1.2//EN" 
"http://www.oasis-open.org/docbook/xml/4.1.2/docbookx.dtd" [] >
<book>
  <bookinfo>
      <authorgroup>
         <author>
	    <firstname>David</firstname>
	    <surname>Malcolm</surname>
	    <authorblurb>
	      <para>Blah blah blah.  My life story.  Very exciting.</para>
	      <para>Here is my email address: <email>david@davemalcolm.demon.co.uk</email>; in theory we can support emailing from these tags</para>
	    </authorblurb>
	  </author>
      </authorgroup>
    <copyright>
      <year>2002</year>
      <holder>David Malcolm</holder>
    </copyright>

    <title>A test document for working with Conglomerate</title>
    <abstract>
      <para>
      Blah blah blah.  Some text would go here.
      </para>      
    </abstract>

    <legalnotice>
      <para>
	This document may be distributed subject to the terms and
        conditions set forth in the Open Publication License, v1.0 or
        later (the latest version is presently available at <ulink
        url=" http://www.opencontent.org/openpub/"
        type="http">http://www.opencontent.org/openpub/</ulink> )
      </para>
    </legalnotice>

  </bookinfo>

<chapter>
<title>Test DocBook file</title>

<sect1><title>Test of sect1</title>

<sect2><title>Test of sect2</title><para>Here is some text</para>
</sect2>

<!-- Here is a test comment -->

</sect1>

<sect1><title>Another test of sect1</title>
<para>The quick brown fox jumps over the lazy dog.</para>
</sect1>

<sect1><title>Yet another test</title>
<para>The quick brown fox jumps over the lazy dog.</para>
<!-- Here is a text comment, this time between two paras -->
<para>Another quick brown fox jumps over that lazy dog.</para>
<para>Some other animal of indeterminate speed and hue vaults the aforementioned slothful canine.</para>
<para>This text is not as important as <emphasis>this</emphasis></para>
</sect1>

<sect1><title>Fubar</title>
<para>Inconceivable!</para>
</sect1>

<!-- Here is another test comment -->

<sect1><title>Test of images</title>
<para>Here is some text.</para>
<informalfigure>
<mediaobject>
<imageobject>
<imagedata fileref="../src/ilogo.c"/>
</imageobject>
<textobject><para>Conglomerate logo</para></textobject>
<caption><para>This is the Conglomerate logo</para></caption>
</mediaobject>
</informalfigure>
<para>Here is some more text.</para>
</sect1>

<!-- etc -->

</chapter>
<colophon>
<para>
This is a test document for trying out DocBook features.
</para>
</colophon>
</book>










