<?xml version="1.0"?>
<!DOCTYPE book PUBLIC "-//OASIS//DTD DocBook XML V4.1.2//EN" "http://www.oasis-open.org/docbook/xml/4.1.2/docbookx.dtd">
<book>
  <bookinfo>
      <authorgroup>
         <author>
	    <firstname>David</firstname>
	    <surname>Malcolm</surname>
	    <authorblurb>
	      <para>Blah blah blah.  My life story.  Very exciting.</para>
	      <para>Here is my email address: <email>david@davemalcolm.demon.co.uk</email>; in theory we can support emailing from these tags</para>
	    </authorblurb>
	  </author>
      </authorgroup>
    <copyright>
      <year>2002</year>
      <holder>David Malcolm</holder>
    </copyright>

    <title>A test document for working with Conglomerate</title>
    <abstract>
      <para>
      Blah blah blah.  Some text would go here.
      </para>      
    </abstract>

    <legalnotice>
      <para>
	This document may be distributed subject to the terms and
        conditions set forth in the Open Publication License, v1.0 or
        later (the latest version is presently available at <ulink url=" http://www.opencontent.org/openpub/" type="http">http://www.opencontent.org/openpub/</ulink> )
      </para>
    </legalnotice>

  </bookinfo>

<chapter>
<title>Test DocBook file</title>

<sect1><title>Test of sect1</title>

<sect2><title>Test of sect2</title><para>Here is some text</para>
</sect2>

<!-- Here is a test comment -->

</sect1>

<sect1><title>Another test of sect1</title>
<para>The quick brown fox jumps over the lazy dog.</para>
</sect1>

<sect1><title>Yet another test</title>
<para>The quick brown fox jumps over the lazy dog.</para>
<!-- Here is a text comment, this time between two paras -->
<para>Another quick brown fox jumps over that lazy dog.</para>
<para>Some other animal of indeterminate speed and hue vaults the aforementioned slothful canine.</para>
<para>This text is not as important as <emphasis>this</emphasis></para>
</sect1>

<sect1><title>Fubar</title>
<para>Inconceivable!</para>
</sect1>

<sect1><title>Tests of various kinds of list</title>
<sect2><title>Test of &lt;itemizedlist&gt;</title>
<itemizedlist>
<listitem><para>Some text</para></listitem>
<listitem><para>Some more text</para></listitem>
<listitem><para>Yet more text</para></listitem>
</itemizedlist>
</sect2>
<sect2><title>Test of &lt;orderedlist&gt; with arabic numbering</title>
<orderedlist numeration="arabic">
<listitem><para>The first item</para></listitem>
<listitem><para>The second item</para></listitem>
<listitem><para>The third item</para></listitem>
</orderedlist>
</sect2>
<sect2><title>Test of &lt;orderedlist&gt; with lower-case alphabetic numbering</title>
<orderedlist numeration="loweralpha">
<listitem><para>The first item</para></listitem>
<listitem><para>The second item</para></listitem>
<listitem><para>The third item</para></listitem>
</orderedlist>
</sect2>
<sect2><title>Test of &lt;orderedlist&gt; with lower-case roman numbering</title>
<orderedlist numeration="lowerroman">
<listitem><para>The first item</para></listitem>
<listitem><para>The second item</para></listitem>
<listitem><para>The third item</para></listitem>
</orderedlist>
</sect2>
<sect2><title>Test of &lt;orderedlist&gt; with upper-case alphabetic numbering</title>
<orderedlist numeration="upperalpha">
<listitem><para>The first item</para></listitem>
<listitem><para>The second item</para></listitem>
<listitem><para>The third item</para></listitem>
</orderedlist>
</sect2>
<sect2><title>Test of &lt;orderedlist&gt; with upper-case roman numbering</title>
<orderedlist numeration="upperroman">
<listitem><para>The first item</para></listitem>
<listitem><para>The second item</para></listitem>
<listitem><para>The third item</para></listitem>
</orderedlist>
</sect2>
</sect1>

<sect1><title>Test of &lt;formalpara&gt;</title>
<formalpara><title>Activity</title><para>Jumped over the lazy dog.</para></formalpara>
<formalpara><title>Speed</title><para>Quick</para></formalpara>
<formalpara><title>Colour</title><para>Brown</para></formalpara>
<formalpara><title>Was it a fox?</title><para>Now that you mention it...</para></formalpara> 
</sect1>

<sect1><title>Test of admonitions</title>
<para>Here is some text.</para>
      <caution><para>Be careful.</para></caution>
      <important><para>This is important!</para></important>
      <note><para>This is a note.</para></note>
      <tip><para>This is a tip.</para></tip>
      <warning><para>This is a warning.</para></warning>
</sect1>


<!-- Here is another test comment -->

<sect1><title>Test of images</title>
<para>Here is some text.</para>
<informalfigure>
<mediaobject>
<imageobject>
<imagedata fileref="../src/ilogo.c"/>
</imageobject>
<textobject><para>Conglomerate logo</para></textobject>
<caption><para>This is the Conglomerate logo</para></caption>
</mediaobject>
</informalfigure>
<para>Here is some more text.</para>
</sect1>
<sect1><title>Test of whitespace preservation and CDATA sections</title>
<para>Here is the content of the file <filename>src/main.c</filename> from Conglomerate's <acronym>CVS</acronym> server (copied from <literal>HEAD</literal> on August 16th 2004.</para>
<programlisting><![CDATA[/* -*- Mode: C; indent-tabs-mode: t; c-basic-offset: 8; tab-width: 8 -*- */

#include <gdk/gdk.h>
#include <gtk/gtk.h>

#include "global.h"
#include "cong-app.h"
#include "cong-primary-window.h"

int 
main( int   argc,
      char *argv[] )
{
	bindtextdomain(GETTEXT_PACKAGE, LOCALEDIR);
	bind_textdomain_codeset(GETTEXT_PACKAGE, "UTF-8");
	textdomain(GETTEXT_PACKAGE);

	cong_app_construct_singleton (argc, 
				      argv);

	/* This code requires the app singleton ptr to be set: */
	cong_primary_window_new(NULL);

	/* Various things require that a primary window exists: */
	if (cong_app_post_init_hack (cong_app_singleton())) {
		return 1;
	}

	/* The main loop: */
	gtk_main();

	/* Cleanup: */
	cong_app_destroy_singleton();

	return(0);
}
]]>
</programlisting>
</sect1>

<!-- etc -->

</chapter>
<colophon>
<para>
This is a test document for trying out DocBook features.
</para>
</colophon>
</book>
