<document><section>fubar this is a test<table>ooh</table>fubar<embed>fubar</embed></section></document>
